


          SolidWorks Corporation - STEP Processor Error Log
          ______________________________________________________

                       STEP Post Processor
                       ___________________


STEP File Name: C:\Users\User\OneDrive - University of Cape Town\Mechanical Design\source_v-master\source_v_V1_upgraded_arms.step


WARNING: Surface problem...Loops of curves have inconsistent directions.
WARNING: Surface problem...Loops of curves have inconsistent directions.
WARNING: Surface problem...Loops of curves have inconsistent directions.
WARNING: Surface problem...Loops of curves have inconsistent directions.
Surfaces successfully processed into a solid body.
STEP-in completed.
Error: Unable to create solid from trimmed surfaces.
STEP-in did not complete successfully.
Surfaces successfully processed into a solid body.
STEP-in completed.Surfaces successfully processed into a solid body.
STEP-in completed.Surfaces successfully processed into a solid body.
STEP-in completed.Surfaces successfully processed into a solid body.
STEP-in completed.WARNING: Surface problem...Loops of curves have inconsistent directions.
WARNING: Surface problem...Loops of curves have inconsistent directions.
WARNING: Surface problem...Loops of curves have inconsistent directions.
Surfaces successfully processed into a solid body.
STEP-in completed.
Error: Unable to create solid from trimmed surfaces.
STEP-in did not complete successfully.
Surfaces successfully processed into a solid body.
STEP-in completed.Surfaces successfully processed into a solid body.
STEP-in completed.Surfaces successfully processed into a solid body.
STEP-in completed.Surfaces successfully processed into a solid body.
STEP-in completed.Surfaces successfully processed into a solid body.
STEP-in completed.WARNING: Surface problem...Loops of curves have inconsistent directions.
WARNING: Surface problem...Loops of curves have inconsistent directions.
WARNING: Surface problem...Loops of curves have inconsistent directions.
WARNING: Surface problem...Loops of curves have inconsistent directions.
Surfaces successfully processed into a solid body.
STEP-in completed.
Error: Unable to create solid from trimmed surfaces.
STEP-in did not complete successfully.
Surfaces successfully processed into a solid body.
STEP-in completed.Surfaces successfully processed into a solid body.
STEP-in completed.Surfaces successfully processed into a solid body.
STEP-in completed.Surfaces successfully processed into a solid body.
STEP-in completed.Surfaces successfully processed into a solid body.
STEP-in completed.WARNING: Surface problem...Loops of curves have inconsistent directions.
WARNING: Surface problem...Loops of curves have inconsistent directions.
WARNING: Surface problem...Loops of curves have inconsistent directions.
Surfaces successfully processed into a solid body.
STEP-in completed.
Error: Unable to create solid from trimmed surfaces.
STEP-in did not complete successfully.
